<?xml version="1.0" encoding="UTF-8"?>
<!-- Generated by org.testng.reporters.JUnitXMLReporter -->
<testsuite hostname="LAPTOP-81AM6DEF" ignored="0" name="Test3" tests="6" failures="0" timestamp="2022-11-11T21:26:54 IST" time="15.349" errors="0">
  <testcase name="loginToApp" time="0.186" classname="com.actitime.testcases.TestRejectTimeTrack"/>
  <testcase name="goApproveTimeTrack" time="5.446" classname="com.actitime.testcases.TestRejectTimeTrack"/>
  <testcase name="clickCheckBox" time="0.587" classname="com.actitime.testcases.TestRejectTimeTrack"/>
  <testcase name="clickRejectBtn" time="0.087" classname="com.actitime.testcases.TestRejectTimeTrack"/>
  <testcase name="enterRejectReason" time="0.07" classname="com.actitime.testcases.TestRejectTimeTrack"/>
  <testcase name="clickReasonRejectBtn" time="0.059" classname="com.actitime.testcases.TestRejectTimeTrack"/>
</testsuite> <!-- Test3 -->
