<?xml version="1.0" encoding="UTF-8"?>
<!-- Generated by org.testng.reporters.JUnitXMLReporter -->
<testsuite hostname="LAPTOP-81AM6DEF" ignored="0" name="Test2" tests="4" failures="0" timestamp="2022-11-11T21:26:38 IST" time="16.117" errors="0">
  <testcase name="loginToApp" time="0.221" classname="com.actitime.testcases.TestApproveTimeTrack"/>
  <testcase name="goApproveTimeTrack" time="5.947" classname="com.actitime.testcases.TestApproveTimeTrack"/>
  <testcase name="clickCheckBox" time="0.662" classname="com.actitime.testcases.TestApproveTimeTrack"/>
  <testcase name="clickApproveBtn" time="0.066" classname="com.actitime.testcases.TestApproveTimeTrack"/>
</testsuite> <!-- Test2 -->
